
-------
Test: tests/test_user_get.py::TestUserGet::test_get_user_details_not_auth (call)
Time: 2023-01-01 19:03:17.545476
Request method: GET
Request URL: https://playground.learnqa.ru/api_dev/user/2
Request data: None
Request headers: {}
Request cookies: {}

Response code: 200
Response text: {"username":"Vitaliy"}
Response header: {'Date': 'Sun, 01 Jan 2023 16:04:01 GMT', 'Content-Type': 'application/json', 'Transfer-Encoding': 'chunked', 'Connection': 'keep-alive', 'Keep-Alive': 'timeout=10', 'Vary': 'Accept-Encoding', 'Server': 'Apache', 'Cache-Control': 'max-age=0', 'Expires': 'Sun, 01 Jan 2023 16:04:01 GMT', 'Content-Encoding': 'gzip'}
Response cookies: {}

----------------

-------
Test: tests/test_user_get.py::TestUserGet::test_get_user_details_auth_as_same_user (call)
Time: 2023-01-01 19:03:18.378967
Request method: POST
Request URL: https://playground.learnqa.ru/api_dev/user/login
Request data: {'email': 'vinkotov@example.com', 'password': '1234'}
Request headers: {}
Request cookies: {}

Response code: 200
Response text: {"user_id":2}
Response header: {'Date': 'Sun, 01 Jan 2023 16:04:01 GMT', 'Content-Type': 'application/json', 'Content-Length': '13', 'Connection': 'keep-alive', 'Keep-Alive': 'timeout=10', 'Server': 'Apache', 'Set-Cookie': 'auth_sid=473b625183d5be56d3ec9843df2acfed02e94918f1549272bcf2cafc2634fd9d', 'x-csrf-token': '51c53ef7ae4d284e02da8f9f34a941ef2d12ea5602e94918f1549272bcf2cafc2634fd9d', 'Cache-Control': 'max-age=0', 'Expires': 'Sun, 01 Jan 2023 16:04:01 GMT'}
Response cookies: {'auth_sid': '473b625183d5be56d3ec9843df2acfed02e94918f1549272bcf2cafc2634fd9d'}

----------------

-------
Test: tests/test_user_get.py::TestUserGet::test_get_user_details_auth_as_same_user (call)
Time: 2023-01-01 19:03:18.486061
Request method: GET
Request URL: https://playground.learnqa.ru/api_dev/user/2
Request data: None
Request headers: {'x-csrf-token': '51c53ef7ae4d284e02da8f9f34a941ef2d12ea5602e94918f1549272bcf2cafc2634fd9d'}
Request cookies: {'auth_sid': '473b625183d5be56d3ec9843df2acfed02e94918f1549272bcf2cafc2634fd9d'}

Response code: 200
Response text: {"id":"2","username":"Vitaliy","email":"vinkotov@example.com","firstName":"Vitalii","lastName":"Kotov"}
Response header: {'Date': 'Sun, 01 Jan 2023 16:04:02 GMT', 'Content-Type': 'application/json', 'Transfer-Encoding': 'chunked', 'Connection': 'keep-alive', 'Keep-Alive': 'timeout=10', 'Vary': 'Accept-Encoding', 'Server': 'Apache', 'Cache-Control': 'max-age=0', 'Expires': 'Sun, 01 Jan 2023 16:04:01 GMT', 'Content-Encoding': 'gzip'}
Response cookies: {}

----------------

-------
Test: tests/test_user_get.py::TestUserGet::test_user_gets_anoughter_user_details (call)
Time: 2023-01-01 19:03:19.295098
Request method: POST
Request URL: https://playground.learnqa.ru/api_dev/user/login
Request data: {'email': 'vinkotov@example.com', 'password': '1234'}
Request headers: {}
Request cookies: {}

Response code: 200
Response text: {"user_id":2}
Response header: {'Date': 'Sun, 01 Jan 2023 16:04:02 GMT', 'Content-Type': 'application/json', 'Content-Length': '13', 'Connection': 'keep-alive', 'Keep-Alive': 'timeout=10', 'Server': 'Apache', 'Set-Cookie': 'auth_sid=fb5b0885a2519c00fb32afcb2b7129f402e94918f1549272bcf2cafc2634fd9d', 'x-csrf-token': '9fc595349554164263e8a6f24a1ddf558b28ab3402e94918f1549272bcf2cafc2634fd9d', 'Cache-Control': 'max-age=0', 'Expires': 'Sun, 01 Jan 2023 16:04:02 GMT'}
Response cookies: {'auth_sid': 'fb5b0885a2519c00fb32afcb2b7129f402e94918f1549272bcf2cafc2634fd9d'}

----------------

-------
Test: tests/test_user_get.py::TestUserGet::test_user_gets_anoughter_user_details (call)
Time: 2023-01-01 19:03:19.346145
Request method: GET
Request URL: https://playground.learnqa.ru/api_dev/user/1
Request data: None
Request headers: {'x-csrf-token': '9fc595349554164263e8a6f24a1ddf558b28ab3402e94918f1549272bcf2cafc2634fd9d'}
Request cookies: {'auth_sid': 'fb5b0885a2519c00fb32afcb2b7129f402e94918f1549272bcf2cafc2634fd9d'}

Response code: 200
Response text: {"username":"Lana"}
Response header: {'Date': 'Sun, 01 Jan 2023 16:04:03 GMT', 'Content-Type': 'application/json', 'Content-Length': '19', 'Connection': 'keep-alive', 'Keep-Alive': 'timeout=10', 'Server': 'Apache', 'Cache-Control': 'max-age=0', 'Expires': 'Sun, 01 Jan 2023 16:04:02 GMT'}
Response cookies: {}

----------------
